[LOG] System::create                           : Header version = 1.09.06. Current version = 1.09.06.
[LOG] Manager::init                            : maxchannels = 256 studioflags = 00000006 flags 00000000 extradriverdata 0x0.
[LOG] SystemI::init                            : FMOD Studio Version: 00010906 (88495)
[LOG] SystemI::init                            : maxchannels = 256, flags = 00020000, extradriverdata = 0x0
[LOG] SystemI::setOutputInternal               : Setting output to type 0
[LOG] SystemI::setOutputInternal               : Setting output to type 12
[LOG] OutputCoreAudio::enumerate               : Enumerating...
[LOG] OutputCoreAudio::enumerate               : Found output driver: "Built-in Output".
[LOG] OutputCoreAudio::enumerate               : Found output driver: "Soundflower (2ch)".
[LOG] OutputCoreAudio::enumerate               : Found output driver: "Soundflower (64ch)".
[LOG] OutputCoreAudio::enumerate               : Done.
[LOG] SystemI::setOutputInternal               : Setting output to type 12
[LOG] SystemI::setOutputInternal               : Setting output to type 12
[LOG] SystemI::setOutputInternal               : Setting output to type 12
[LOG] OutputCoreAudio::init                    : Output running 2 channels at 44100Hz sample rate.
[LOG] OutputCoreAudio::init                    : Maximum hardware read size: 1024 samples, Software buffer size: 512 samples, Number of software buffers: 4.
[WRN] SystemI::init                            : Output requires a sample rate of 44100Hz, resampling will occur.
[LOG] SystemI::init                            : Create master channel group and master sound group.
[LOG] SystemI::init                            : Set up emulated output.  256 channels
[LOG] SystemI::init                            : create the channel pool
[LOG] SystemI::init                            : create the stream thread
[LOG] Thread::initThread                       : Init FMOD stream thread. Priority: 2, Stack Size: 65536, Semaphore: No, Sleep Time: 10, Looping: Yes.
[LOG] Thread::initThread                       : Init FMOD mixer thread. Priority: 3, Stack Size: 49152, Semaphore: Yes, Sleep Time: 0, Looping: Yes.
[LOG] AsyncManager::init                       : manager 0x1422ec808 isAsync 0 updatePeriod 0.02
[LOG] AsyncManager::init                       : done
[LOG] PlaybackSystem::init                     : 
[LOG] Thread::initThread                       : Init FMOD Studio sample load thread. Priority: 0, Stack Size: 65536, Semaphore: No, Sleep Time: 1, Looping: No.
[LOG] PlaybackSystem::init                     : done
[LOG] Thread::initThread                       : Init FMOD Studio bank load thread. Priority: 0, Stack Size: 65536, Semaphore: No, Sleep Time: 1, Looping: No.
[LOG] Manager::init                            : done.
[LOG] Manager::readBank                        : fileversion = 88, compatVersion = 86 (oldest = 44, newest = 88)
[LOG] PlaybackSystem::acquireMasterBus         : Setting master channel group format to 6
[LOG] Manager::readBank                        : fileversion = 88, compatVersion = 86 (oldest = 44, newest = 88)
[LOG] SystemI::createSound                     : filename = /Users/ALGO/TTS_versioning/Assets/TTS fmod/Build/Desktop/Dialogue.bank : mode 02012082
[LOG] SystemI::createSound                     : FMOD_NONBLOCKING specified.  Putting into queue to be opened asynchronously!
[LOG] Thread::initThread                       : Init FMOD nonblocking thread (0). Priority: 1, Stack Size: 81920, Semaphore: Yes, Sleep Time: 0, Looping: Yes.
[LOG] SystemI::createSound                     : setdata soundi = 0x126d5d078 : node = 0x126d99c50
[LOG] SystemI::createSound                     : add node to async list : head = 0x126d5d368.  list count = 0
[LOG] AsyncThread::threadFunc                  : Starting Asynchronous operation on sound 0x126d5d078
[LOG] SystemI::createSoundInternal             :     filename = /Users/ALGO/TTS_versioning/Assets/TTS fmod/Build/Desktop/Dialogue.bank : mode 02012082
[LOG] SystemI::createSoundInternal             :     exinfo->cbsize             = 232
[LOG] SystemI::createSoundInternal             :     exinfo->length             = 888672
[LOG] SystemI::createSoundInternal             :     exinfo->fileoffset         = 8352
[LOG] SystemI::createSoundInternal             :     exinfo->numsubsounds       = 1
[LOG] SystemI::createSoundInternal             :     exinfo->inclusionlist      = 0x126d99d68
[LOG] SystemI::createSoundInternal             :     exinfo->inclusionlistnum   = 1
[LOG] SystemI::createSoundInternal             :     exinfo->suggestedsoundtype = 5
[LOG] SystemI::createSoundInternal             :     Format has 1 subsounds.
[LOG] SystemI::createSoundInternal             :     Create as FMOD_CREATESTREAM
[LOG] System::createSoundInternal              :     decode buffersize = 19200 : blocksize = 256 : format = 2
[LOG] SystemI::createSample                    :     mode 02012082 length 19200 samples, lengthbytes 117216
[LOG] SystemI::createSample                    :     channels = 2
[LOG] SystemI::createSample                    :     output = 0x1688d3308
[LOG] OutputSoftware::createSample             :     lengthpcm 19200, lengthbytes 117216, channels 2, format 2, freq 48000, mode 0201208a
[LOG] System::createSoundInternal              :     1 subsounds detected.
[LOG] System::createSoundInternal              :     Seek stream to start
[LOG] System::createSoundInternal              :     switch file handle from small blocking single buffered to large nonblocking doublebuffered.
[LOG] Thread::initThread                       :         Init FMOD file thread. Priority: 1, Stack Size: 16384, Semaphore: No, Sleep Time: 10, Looping: Yes.
[LOG] SystemI::createSoundInternal             :     done.  OpenState now = FMOD_OPENSTATE_READY.

[LOG] AsyncThread::threadFunc                  : Finished Asynchronous operation on sound 0x126d5d078
[LOG] SoundI::getSubSound                      : sound 0x126d5d078.  Subsound index 0 / 1
[LOG] SoundI::getSubSound                      : starting non blocking seek and setting sound to not ready state
[LOG] SoundI::getSubSound                      : finished preparing nonblocking getSubSound seek
[LOG] AsyncThread::threadFunc                  : Starting Asynchronous operation on sound 0x1272a82a8
[LOG] AsyncThread::threadFunc                  :     done setposition
[LOG] AsyncThread::threadFunc                  :     done flush
[LOG] AsyncThread::threadFunc                  : Finished Asynchronous operation on sound 0x1272a82a8
[LOG] AsyncThread::threadFunc                  : Starting Asynchronous operation on sound 0x1272a82a8
[LOG] AsyncThread::threadFunc                  : Finished Asynchronous operation on sound 0x1272a82a8
[LOG] SoundI::release                          : 1AK (0x126d5d078)
[LOG] SoundI::release                          : remove stream samples. (0x126d5d078)
[LOG] SoundI::release                          :     1AK (0x14f762eb8)
[LOG] SoundI::release                          :     done
[LOG] SoundI::release                          : release subsounds. (0x126d5d078)
[LOG] SoundI::release                          :     1AK (0x1272a82a8)
[LOG] SoundI::release                          :     done
[LOG] SoundI::release                          : release codec. (0x126d5d078)
[LOG] SoundI::release                          : done
[LOG] Manager::readBank                        : fileversion = 88, compatVersion = 86 (oldest = 44, newest = 88)
[LOG] PlaybackSystem::acquireMasterBus         : Setting master channel group format to 6
[LOG] SystemI::createSound                     : filename = /Users/ALGO/TTS_versioning/Assets/TTS fmod/Build/Desktop/SFX.bank : mode 02012082
[LOG] SystemI::createSound                     : FMOD_NONBLOCKING specified.  Putting into queue to be opened asynchronously!
[LOG] SystemI::createSound                     : setdata soundi = 0x126de7548 : node = 0x126de7700
[LOG] SystemI::createSound                     : add node to async list : head = 0x126d5d368.  list count = 0
[LOG] AsyncThread::threadFunc                  : Starting Asynchronous operation on sound 0x126de7548
[LOG] SystemI::createSoundInternal             :     filename = /Users/ALGO/TTS_versioning/Assets/TTS fmod/Build/Desktop/SFX.bank : mode 02012082
[LOG] SystemI::createSoundInternal             :     exinfo->cbsize             = 232
[LOG] SystemI::createSoundInternal             :     exinfo->length             = 3350144
[LOG] SystemI::createSoundInternal             :     exinfo->fileoffset         = 34400
[LOG] SystemI::createSoundInternal             :     exinfo->numsubsounds       = 1
[LOG] SystemI::createSoundInternal             :     exinfo->inclusionlist      = 0x126de7818
[LOG] SystemI::createSoundInternal             :     exinfo->inclusionlistnum   = 1
[LOG] SystemI::createSoundInternal             :     exinfo->suggestedsoundtype = 5
[LOG] SystemI::createSoundInternal             :     Format has 1 subsounds.
[LOG] SystemI::createSoundInternal             :     Create as FMOD_CREATESTREAM
[LOG] System::createSoundInternal              :     decode buffersize = 19200 : blocksize = 256 : format = 2
[LOG] SystemI::createSample                    :     mode 02012082 length 19200 samples, lengthbytes 752576
[LOG] SystemI::createSample                    :     channels = 2
[LOG] SystemI::createSample                    :     output = 0x1688d3308
[LOG] OutputSoftware::createSample             :     lengthpcm 19200, lengthbytes 752576, channels 2, format 2, freq 48000, mode 0201208a
[LOG] System::createSoundInternal              :     1 subsounds detected.
[LOG] System::createSoundInternal              :     Seek stream to start
[LOG] System::createSoundInternal              :     switch file handle from small blocking single buffered to large nonblocking doublebuffered.
[LOG] SystemI::createSoundInternal             :     done.  OpenState now = FMOD_OPENSTATE_READY.

[LOG] AsyncThread::threadFunc                  : Finished Asynchronous operation on sound 0x126de7548
[LOG] SoundI::getSubSound                      : sound 0x126de7548.  Subsound index 0 / 1
[LOG] SoundI::getSubSound                      : starting non blocking seek and setting sound to not ready state
[LOG] SoundI::getSubSound                      : finished preparing nonblocking getSubSound seek
[LOG] AsyncThread::threadFunc                  : Starting Asynchronous operation on sound 0x1272c3468
[LOG] AsyncThread::threadFunc                  :     done setposition
[LOG] AsyncThread::threadFunc                  :     done flush
[LOG] AsyncThread::threadFunc                  : Finished Asynchronous operation on sound 0x1272c3468
[LOG] AsyncThread::threadFunc                  : Starting Asynchronous operation on sound 0x1272c3468
[LOG] AsyncThread::threadFunc                  : Finished Asynchronous operation on sound 0x1272c3468
[LOG] AsyncThread::threadFunc                  : Starting Asynchronous operation on sound 0x1272c3468
[LOG] AsyncThread::threadFunc                  : Finished Asynchronous operation on sound 0x1272c3468
[LOG] SoundI::release                          : map (0x126de7548)
[LOG] SoundI::release                          : remove stream samples. (0x126de7548)
[LOG] SoundI::release                          :     map (0x12e00bc18)
[LOG] SoundI::release                          :     done
[LOG] SoundI::release                          : release subsounds. (0x126de7548)
[LOG] SoundI::release                          :     map (0x1272c3468)
[LOG] SoundI::release                          :     done
[LOG] SoundI::release                          : release codec. (0x126de7548)
[LOG] SoundI::release                          : done
[LOG] SystemI::createSound                     : filename = /Users/ALGO/TTS_versioning/Assets/TTS fmod/Build/Desktop/SFX.bank : mode 02012082
[LOG] SystemI::createSound                     : FMOD_NONBLOCKING specified.  Putting into queue to be opened asynchronously!
[LOG] SystemI::createSound                     : setdata soundi = 0x1272af988 : node = 0x1272d0d20
[LOG] SystemI::createSound                     : add node to async list : head = 0x126d5d368.  list count = 0
[LOG] AsyncThread::threadFunc                  : Starting Asynchronous operation on sound 0x1272af988
[LOG] SystemI::createSoundInternal             :     filename = /Users/ALGO/TTS_versioning/Assets/TTS fmod/Build/Desktop/SFX.bank : mode 02012082
[LOG] SystemI::createSoundInternal             :     exinfo->cbsize             = 232
[LOG] SystemI::createSoundInternal             :     exinfo->length             = 3350144
[LOG] SystemI::createSoundInternal             :     exinfo->fileoffset         = 34400
[LOG] SystemI::createSoundInternal             :     exinfo->numsubsounds       = 1
[LOG] SystemI::createSoundInternal             :     exinfo->inclusionlist      = 0x1272d0e38
[LOG] SystemI::createSoundInternal             :     exinfo->inclusionlistnum   = 1
[LOG] SystemI::createSoundInternal             :     exinfo->suggestedsoundtype = 5
[LOG] SystemI::createSoundInternal             :     Format has 1 subsounds.
[LOG] SystemI::createSoundInternal             :     Create as FMOD_CREATESTREAM
[LOG] System::createSoundInternal              :     decode buffersize = 19200 : blocksize = 256 : format = 2
[LOG] SystemI::createSample                    :     mode 02012082 length 19200 samples, lengthbytes 752576
[LOG] SystemI::createSample                    :     channels = 2
[LOG] SystemI::createSample                    :     output = 0x1688d3308
[LOG] OutputSoftware::createSample             :     lengthpcm 19200, lengthbytes 752576, channels 2, format 2, freq 48000, mode 0201208a
[LOG] System::createSoundInternal              :     1 subsounds detected.
[LOG] System::createSoundInternal              :     Seek stream to start
[LOG] System::createSoundInternal              :     switch file handle from small blocking single buffered to large nonblocking doublebuffered.
[LOG] SystemI::createSoundInternal             :     done.  OpenState now = FMOD_OPENSTATE_READY.

[LOG] AsyncThread::threadFunc                  : Finished Asynchronous operation on sound 0x1272af988
[LOG] SoundI::getSubSound                      : sound 0x1272af988.  Subsound index 0 / 1
[LOG] SoundI::getSubSound                      : starting non blocking seek and setting sound to not ready state
[LOG] SoundI::getSubSound                      : finished preparing nonblocking getSubSound seek
[LOG] AsyncThread::threadFunc                  : Starting Asynchronous operation on sound 0x126d5d078
[LOG] AsyncThread::threadFunc                  :     done setposition
[LOG] AsyncThread::threadFunc                  :     done flush
[LOG] AsyncThread::threadFunc                  : Finished Asynchronous operation on sound 0x126d5d078
[LOG] AsyncThread::threadFunc                  : Starting Asynchronous operation on sound 0x126d5d078
[LOG] AsyncThread::threadFunc                  : Finished Asynchronous operation on sound 0x126d5d078
[LOG] SystemI::createSound                     : filename = /Users/ALGO/TTS_versioning/Assets/TTS fmod/Build/Desktop/SFX.bank : mode 02012082
[LOG] SystemI::createSound                     : FMOD_NONBLOCKING specified.  Putting into queue to be opened asynchronously!
[LOG] SystemI::createSound                     : setdata soundi = 0x12e00bc18 : node = 0x1272d3b10
[LOG] SystemI::createSound                     : add node to async list : head = 0x126d5d368.  list count = 0
[LOG] AsyncThread::threadFunc                  : Starting Asynchronous operation on sound 0x12e00bc18
[LOG] SystemI::createSoundInternal             :     filename = /Users/ALGO/TTS_versioning/Assets/TTS fmod/Build/Desktop/SFX.bank : mode 02012082
[LOG] SystemI::createSoundInternal             :     exinfo->cbsize             = 232
[LOG] SystemI::createSoundInternal             :     exinfo->length             = 3350144
[LOG] SystemI::createSoundInternal             :     exinfo->fileoffset         = 34400
[LOG] SystemI::createSoundInternal             :     exinfo->numsubsounds       = 1
[LOG] SystemI::createSoundInternal             :     exinfo->inclusionlist      = 0x1272d3c28
[LOG] SystemI::createSoundInternal             :     exinfo->inclusionlistnum   = 1
[LOG] SystemI::createSoundInternal             :     exinfo->suggestedsoundtype = 5
[LOG] SystemI::createSoundInternal             :     Format has 1 subsounds.
[LOG] SystemI::createSoundInternal             :     Create as FMOD_CREATESTREAM
[LOG] System::createSoundInternal              :     decode buffersize = 19200 : blocksize = 256 : format = 2
[LOG] SystemI::createSample                    :     mode 02012082 length 19200 samples, lengthbytes 752576
[LOG] SystemI::createSample                    :     channels = 2
[LOG] SystemI::createSample                    :     output = 0x1688d3308
[LOG] OutputSoftware::createSample             :     lengthpcm 19200, lengthbytes 752576, channels 2, format 2, freq 48000, mode 0201208a
[LOG] System::createSoundInternal              :     1 subsounds detected.
[LOG] System::createSoundInternal              :     Seek stream to start
[LOG] System::createSoundInternal              :     switch file handle from small blocking single buffered to large nonblocking doublebuffered.
[LOG] SystemI::createSoundInternal             :     done.  OpenState now = FMOD_OPENSTATE_READY.

[LOG] AsyncThread::threadFunc                  : Finished Asynchronous operation on sound 0x12e00bc18
[LOG] SoundI::getSubSound                      : sound 0x12e00bc18.  Subsound index 0 / 1
[LOG] SoundI::getSubSound                      : starting non blocking seek and setting sound to not ready state
[LOG] SoundI::getSubSound                      : finished preparing nonblocking getSubSound seek
[LOG] AsyncThread::threadFunc                  : Starting Asynchronous operation on sound 0x1688a7eb8
[LOG] AsyncThread::threadFunc                  :     done setposition
[LOG] AsyncThread::threadFunc                  :     done flush
[LOG] AsyncThread::threadFunc                  : Finished Asynchronous operation on sound 0x1688a7eb8
[LOG] SoundI::release                          : map (0x1272af988)
[LOG] AsyncThread::threadFunc                  : Starting Asynchronous operation on sound 0x1688a7eb8
[LOG] SoundI::release                          : remove stream samples. (0x1272af988)
[LOG] SoundI::release                          :         map (0x127342728)
[LOG] SoundI::release                          :         done
[LOG] SoundI::release                          :     release subsounds. (0x1272af988)
[LOG] SoundI::release                          :         map (0x126d5d078)
[LOG] SoundI::release                          :         done
[LOG] SoundI::release                          :     release codec. (0x1272af988)
[LOG] SoundI::release                          :     done
[LOG] AsyncThread::threadFunc                  : Finished Asynchronous operation on sound 0x1688a7eb8
[LOG] SoundI::release                          : map (0x12e00bc18)
[LOG] SoundI::release                          : remove stream samples. (0x12e00bc18)
[LOG] SoundI::release                          :     map (0x1688a7d28)
[LOG] SoundI::release                          :     done
[LOG] SoundI::release                          : release subsounds. (0x12e00bc18)
[LOG] SoundI::release                          :     map (0x1688a7eb8)
[LOG] SoundI::release                          :     done
[LOG] SoundI::release                          : release codec. (0x12e00bc18)
[LOG] SoundI::release                          : done
[LOG] SystemI::createSound                     : filename = /Users/ALGO/TTS_versioning/Assets/TTS fmod/Build/Desktop/SFX.bank : mode 02012082
[LOG] SystemI::createSound                     : FMOD_NONBLOCKING specified.  Putting into queue to be opened asynchronously!
[LOG] SystemI::createSound                     : setdata soundi = 0x1688cf378 : node = 0x1688d7760
[LOG] SystemI::createSound                     : add node to async list : head = 0x126d5d368.  list count = 0
[LOG] AsyncThread::threadFunc                  : Starting Asynchronous operation on sound 0x1688cf378
[LOG] SystemI::createSoundInternal             :     filename = /Users/ALGO/TTS_versioning/Assets/TTS fmod/Build/Desktop/SFX.bank : mode 02012082
[LOG] SystemI::createSoundInternal             :     exinfo->cbsize             = 232
[LOG] SystemI::createSoundInternal             :     exinfo->length             = 3350144
[LOG] SystemI::createSoundInternal             :     exinfo->fileoffset         = 34400
[LOG] SystemI::createSoundInternal             :     exinfo->numsubsounds       = 1
[LOG] SystemI::createSoundInternal             :     exinfo->inclusionlist      = 0x1688d7878
[LOG] SystemI::createSoundInternal             :     exinfo->inclusionlistnum   = 1
[LOG] SystemI::createSoundInternal             :     exinfo->suggestedsoundtype = 5
[LOG] SystemI::createSoundInternal             :     Format has 1 subsounds.
[LOG] SystemI::createSoundInternal             :     Create as FMOD_CREATESTREAM
[LOG] System::createSoundInternal              :     decode buffersize = 19200 : blocksize = 256 : format = 2
[LOG] SystemI::createSample                    :     mode 02012082 length 19200 samples, lengthbytes 752576
[LOG] SystemI::createSample                    :     channels = 2
[LOG] SystemI::createSample                    :     output = 0x1688d3308
[LOG] OutputSoftware::createSample             :     lengthpcm 19200, lengthbytes 752576, channels 2, format 2, freq 48000, mode 0201208a
[LOG] System::createSoundInternal              :     1 subsounds detected.
[LOG] System::createSoundInternal              :     Seek stream to start
[LOG] System::createSoundInternal              :     switch file handle from small blocking single buffered to large nonblocking doublebuffered.
[LOG] SystemI::createSoundInternal             :     done.  OpenState now = FMOD_OPENSTATE_READY.

[LOG] AsyncThread::threadFunc                  : Finished Asynchronous operation on sound 0x1688cf378
[LOG] SoundI::getSubSound                      : sound 0x1688cf378.  Subsound index 0 / 1
[LOG] SoundI::getSubSound                      : starting non blocking seek and setting sound to not ready state
[LOG] SoundI::getSubSound                      : finished preparing nonblocking getSubSound seek
[LOG] AsyncThread::threadFunc                  : Starting Asynchronous operation on sound 0x171b6dac8
[LOG] AsyncThread::threadFunc                  :     done setposition
[LOG] AsyncThread::threadFunc                  :     done flush
[LOG] AsyncThread::threadFunc                  : Finished Asynchronous operation on sound 0x171b6dac8
[LOG] AsyncThread::threadFunc                  : Starting Asynchronous operation on sound 0x171b6dac8
[LOG] AsyncThread::threadFunc                  : Finished Asynchronous operation on sound 0x171b6dac8
[LOG] SystemI::createSound                     : filename = /Users/ALGO/TTS_versioning/Assets/TTS fmod/Build/Desktop/SFX.bank : mode 02012082
[LOG] SystemI::createSound                     : FMOD_NONBLOCKING specified.  Putting into queue to be opened asynchronously!
[LOG] SystemI::createSound                     : setdata soundi = 0x1272af988 : node = 0x1272d3b10
[LOG] SystemI::createSound                     : add node to async list : head = 0x126d5d368.  list count = 0
[LOG] AsyncThread::threadFunc                  : Starting Asynchronous operation on sound 0x1272af988
[LOG] SystemI::createSoundInternal             :     filename = /Users/ALGO/TTS_versioning/Assets/TTS fmod/Build/Desktop/SFX.bank : mode 02012082
[LOG] SystemI::createSoundInternal             :     exinfo->cbsize             = 232
[LOG] SystemI::createSoundInternal             :     exinfo->length             = 3350144
[LOG] SystemI::createSoundInternal             :     exinfo->fileoffset         = 34400
[LOG] SystemI::createSoundInternal             :     exinfo->numsubsounds       = 1
[LOG] SystemI::createSoundInternal             :     exinfo->inclusionlist      = 0x1272d3c28
[LOG] SystemI::createSoundInternal             :     exinfo->inclusionlistnum   = 1
[LOG] SystemI::createSoundInternal             :     exinfo->suggestedsoundtype = 5
[LOG] SystemI::createSoundInternal             :     Format has 1 subsounds.
[LOG] SystemI::createSoundInternal             :     Create as FMOD_CREATESTREAM
[LOG] System::createSoundInternal              :     decode buffersize = 19200 : blocksize = 256 : format = 2
[LOG] SystemI::createSample                    :     mode 02012082 length 19200 samples, lengthbytes 752576
[LOG] SystemI::createSample                    :     channels = 2
[LOG] SystemI::createSample                    :     output = 0x1688d3308
[LOG] OutputSoftware::createSample             :     lengthpcm 19200, lengthbytes 752576, channels 2, format 2, freq 48000, mode 0201208a
[LOG] System::createSoundInternal              :     1 subsounds detected.
[LOG] System::createSoundInternal              :     Seek stream to start
[LOG] System::createSoundInternal              :     switch file handle from small blocking single buffered to large nonblocking doublebuffered.
[LOG] SystemI::createSoundInternal             :     done.  OpenState now = FMOD_OPENSTATE_READY.

[LOG] AsyncThread::threadFunc                  : Finished Asynchronous operation on sound 0x1272af988
[LOG] SoundI::getSubSound                      : sound 0x1272af988.  Subsound index 0 / 1
[LOG] SoundI::getSubSound                      : starting non blocking seek and setting sound to not ready state
[LOG] SoundI::getSubSound                      : finished preparing nonblocking getSubSound seek
[LOG] AsyncThread::threadFunc                  : Starting Asynchronous operation on sound 0x126d5d078
[LOG] AsyncThread::threadFunc                  :     done setposition
[LOG] AsyncThread::threadFunc                  :     done flush
[LOG] AsyncThread::threadFunc                  : Finished Asynchronous operation on sound 0x126d5d078
[LOG] AsyncThread::threadFunc                  : Starting Asynchronous operation on sound 0x126d5d078
[LOG] SoundI::release                          :     map (0x1688cf378)
[LOG] SoundI::release                          :     remove stream samples. (0x1688cf378)
[LOG] SoundI::release                          :         map (0x171b958b8)
[LOG] SoundI::release                          :         done
[LOG] SoundI::release                          :     release subsounds. (0x1688cf378)
[LOG] SoundI::release                          :         map (0x171b6dac8)
[LOG] SoundI::release                          :         done
[LOG] SoundI::release                          :     release codec. (0x1688cf378)
[LOG] SoundI::release                          :     done
[LOG] AsyncThread::threadFunc                  : Finished Asynchronous operation on sound 0x126d5d078
[LOG] AsyncThread::threadFunc                  : Starting Asynchronous operation on sound 0x126d5d078
[LOG] AsyncThread::threadFunc                  : Finished Asynchronous operation on sound 0x126d5d078
[LOG] SoundI::release                          : map (0x1272af988)
[LOG] SoundI::release                          : remove stream samples. (0x1272af988)
[LOG] SoundI::release                          :     map (0x127342728)
[LOG] SoundI::release                          :     done
[LOG] SoundI::release                          : release subsounds. (0x1272af988)
[LOG] SoundI::release                          :     map (0x126d5d078)
[LOG] SoundI::release                          :     done
[LOG] SoundI::release                          : release codec. (0x1272af988)
[LOG] SoundI::release                          : done
[LOG] SystemI::createSound                     : filename = /Users/ALGO/TTS_versioning/Assets/TTS fmod/Build/Desktop/SFX.bank : mode 02012082
[LOG] SystemI::createSound                     : FMOD_NONBLOCKING specified.  Putting into queue to be opened asynchronously!
[LOG] SystemI::createSound                     : setdata soundi = 0x1272af988 : node = 0x1272d3b10
[LOG] SystemI::createSound                     : add node to async list : head = 0x126d5d368.  list count = 0
[LOG] AsyncThread::threadFunc                  : Starting Asynchronous operation on sound 0x1272af988
[LOG] SystemI::createSoundInternal             :     filename = /Users/ALGO/TTS_versioning/Assets/TTS fmod/Build/Desktop/SFX.bank : mode 02012082
[LOG] SystemI::createSoundInternal             :     exinfo->cbsize             = 232
[LOG] SystemI::createSoundInternal             :     exinfo->length             = 3350144
[LOG] SystemI::createSoundInternal             :     exinfo->fileoffset         = 34400
[LOG] SystemI::createSoundInternal             :     exinfo->numsubsounds       = 1
[LOG] SystemI::createSoundInternal             :     exinfo->inclusionlist      = 0x1272d3c28
[LOG] SystemI::createSoundInternal             :     exinfo->inclusionlistnum   = 1
[LOG] SystemI::createSoundInternal             :     exinfo->suggestedsoundtype = 5
[LOG] SystemI::createSoundInternal             :     Format has 1 subsounds.
[LOG] SystemI::createSoundInternal             :     Create as FMOD_CREATESTREAM
[LOG] System::createSoundInternal              :     decode buffersize = 19200 : blocksize = 256 : format = 2
[LOG] SystemI::createSample                    :     mode 02012082 length 19200 samples, lengthbytes 752576
[LOG] SystemI::createSample                    :     channels = 2
[LOG] SystemI::createSample                    :     output = 0x1688d3308
[LOG] OutputSoftware::createSample             :     lengthpcm 19200, lengthbytes 752576, channels 2, format 2, freq 48000, mode 0201208a
[LOG] System::createSoundInternal              :     1 subsounds detected.
[LOG] System::createSoundInternal              :     Seek stream to start
[LOG] System::createSoundInternal              :     switch file handle from small blocking single buffered to large nonblocking doublebuffered.
[LOG] SystemI::createSoundInternal             :     done.  OpenState now = FMOD_OPENSTATE_READY.

[LOG] AsyncThread::threadFunc                  : Finished Asynchronous operation on sound 0x1272af988
[LOG] SoundI::getSubSound                      : sound 0x1272af988.  Subsound index 0 / 1
[LOG] SoundI::getSubSound                      : starting non blocking seek and setting sound to not ready state
[LOG] SoundI::getSubSound                      : finished preparing nonblocking getSubSound seek
[LOG] AsyncThread::threadFunc                  : Starting Asynchronous operation on sound 0x126d5d078
[LOG] AsyncThread::threadFunc                  :     done setposition
[LOG] AsyncThread::threadFunc                  :     done flush
[LOG] AsyncThread::threadFunc                  : Finished Asynchronous operation on sound 0x126d5d078
[LOG] AsyncThread::threadFunc                  : Starting Asynchronous operation on sound 0x126d5d078
[LOG] AsyncThread::threadFunc                  : Finished Asynchronous operation on sound 0x126d5d078
[LOG] SoundI::release                          : map (0x1272af988)
[LOG] SoundI::release                          : remove stream samples. (0x1272af988)
[LOG] SoundI::release                          :     map (0x127342728)
[LOG] SoundI::release                          :     done
[LOG] SoundI::release                          : release subsounds. (0x1272af988)
[LOG] SoundI::release                          :     map (0x126d5d078)
[LOG] SoundI::release                          :     done
[LOG] SoundI::release                          : release codec. (0x1272af988)
[LOG] SoundI::release                          : done
[LOG] Thread::callback                         : FMOD Studio bank load thread finished.
[LOG] Thread::callback                         : FMOD Studio sample load thread finished.
[LOG] LiveUpdate::release                      : 
[LOG] LiveUpdate::reset                        : Reset connection (reason Disconnected)
[LOG] SystemI::close                           : 
[LOG] SystemI::close                           : Stop all sounds
[LOG] Thread::callback                         : FMOD stream thread finished.
[LOG] SystemI::close                           : Stream thread destroyed
[LOG] Thread::callback                         : FMOD mixer thread finished.
[LOG] SystemI::close                           : Free master channel group.
[LOG] SystemI::close                           : Remove 'master' sound group.
[LOG] SystemI::close                           : Free software output.
[LOG] SystemI::close                           : Free emulated output.
[LOG] SystemI::close                           : Free channel pool.
[LOG] Thread::callback                         : FMOD nonblocking thread (0) finished.
[LOG] Thread::callback                         : FMOD file thread finished.
[LOG] SystemI::close                           : done.

